2025-08-28 16:34:35 | INFO | __main__:50 | Logger loaded.
2025-08-28 16:34:35 | INFO | __main__:169 | STARTING main()..
2025-08-28 16:34:35 | INFO | __main__:170 | Byline:

**********************************************************
Stellar Analytics — Project Header
**********************************************************
Author:                     Denise Case
Motto:                      Clear. Useful. On time.
Years Active:               5
Accepting New Clients?:     True
Remote Workshops?:          True
Services:                   ['Data Analysis', 'Machine Learning', 'Business Intelligence']
Client Satisfaction Scores: [4.8, 4.6, 4.9, 5.0, 4.7]
Minimum Satisfaction Score: 4.6
Maximum Satisfaction Score: 5.0
Mean Satisfaction Score:    4.80
     Standard Deviation:    0.16
**********************************************************

2025-08-28 16:34:35 | INFO | __main__:181 | This module is organized like all Python modules.
2025-08-28 16:34:35 | INFO | __main__:182 | We write professional Python from the start.
2025-08-28 16:34:35 | INFO | __main__:183 | END main()...
2025-08-28 16:43:04 | INFO | __main__:47 | Logger loaded.
2025-08-28 16:43:04 | INFO | __main__:167 | STARTING main()..
2025-08-28 16:43:04 | INFO | __main__:168 | Byline:

**********************************************************
Stellar Analytics — Project Header
**********************************************************
Author:                     Denise Case
Motto:                      Clear. Useful. On time.
Years Active:               5
Accepting New Clients?:     True
Remote Workshops?:          True
Services:                   ['Data Analysis', 'Machine Learning', 'Business Intelligence']
Client Satisfaction Scores: [4.8, 4.6, 4.9, 5.0, 4.7]
Minimum Satisfaction Score: 4.6
Maximum Satisfaction Score: 5.0
Mean Satisfaction Score:    4.80
     Standard Deviation:    0.16
**********************************************************

2025-08-28 16:43:04 | INFO | __main__:179 | This module is organized like all Python modules.
2025-08-28 16:43:04 | INFO | __main__:180 | We write professional Python from the start.
2025-08-28 16:43:04 | INFO | __main__:181 | END main()...
2025-08-28 17:10:08 | INFO | __main__:47 | Logger loaded.
2025-08-28 17:10:08 | INFO | __main__:168 | STARTING main()..
2025-08-28 17:10:08 | INFO | __main__:169 | Byline:

**********************************************************
Wizard Analytics — Project Header
**********************************************************
Author:                     Karli Dean
Motto:                      Every little thing we do is magic.
Years Active:               5
Our Headquarters:           St. Louis, Missouri
Number of Our Locations:    5
All of Our Locations:       ['Seattle, Washington', 'Denver, Colorado', 'St. Louis, Missouri', 'Jacksonville, Florida', 'Brooklyn, New York']
Accepting New Clients?:     True
Remote Workshops?:          True
Are We Hiring?:             False
Number of Team Members:     25
Services:                   ['Data Analysis', 'Machine Learning', 'Business Intelligence']
Client Satisfaction Scores: [4.8, 4.6, 4.9, 5.0, 4.7]
Minimum Satisfaction Score: 4.6
Maximum Satisfaction Score: 5.0
Mean Satisfaction Score:    4.80
     Standard Deviation:    0.16
**********************************************************

2025-08-28 17:10:08 | INFO | __main__:180 | This module is organized like all Python modules.
2025-08-28 17:10:08 | INFO | __main__:181 | We write professional Python from the start.
2025-08-28 17:10:08 | INFO | __main__:182 | END main()...
2025-08-28 17:15:44 | INFO | __main__:47 | Logger loaded.
2025-08-28 17:15:44 | INFO | __main__:168 | STARTING main()..
2025-08-28 17:15:44 | INFO | __main__:169 | Byline:

**********************************************************
Wizard Analytics — Project Header
**********************************************************
Author:                     Karli Dean
Motto:                      Every little thing we do is magic.
Years Active:               5
Our Headquarters:           St. Louis, Missouri
Number of Our Locations:    5
All of Our Locations:       ['Seattle, Washington', 'Denver, Colorado', 'St. Louis, Missouri', 'Jacksonville, Florida', 'Brooklyn, New York']
Accepting New Clients?:     True
Remote Workshops?:          True
Are We Hiring?:             False
Number of Team Members:     25
Number of our Services:     3
Services:                   ['Data Analysis', 'Machine Learning', 'Business Intelligence']
Client Satisfaction Scores: [4.8, 4.6, 4.9, 5.0, 4.7]
Minimum Satisfaction Score: 4.6
Maximum Satisfaction Score: 5.0
Mean Satisfaction Score:    4.80
     Standard Deviation:    0.16
**********************************************************

2025-08-28 17:16:46 | INFO | __main__:179 | This module is organized like all Python modules.
2025-08-28 17:16:46 | INFO | __main__:180 | We write professional Python from the start.
2025-08-28 17:16:46 | INFO | __main__:181 | END main()...
